[debug] [2024-01-12T18:22:58.799Z] ----------------------------------------------------------------------
[debug] [2024-01-12T18:22:58.809Z] Command:       C:\Program Files\nodejs\node.exe C:\Users\ajayr\AppData\Roaming\npm\node_modules\firebase-tools\lib\bin\firebase.js deploy
[debug] [2024-01-12T18:22:58.810Z] CLI Version:   13.0.3
[debug] [2024-01-12T18:22:58.811Z] Platform:      win32
[debug] [2024-01-12T18:22:58.812Z] Node Version:  v20.9.0
[debug] [2024-01-12T18:22:58.814Z] Time:          Fri Jan 12 2024 23:52:58 GMT+0530 (India Standard Time)
[debug] [2024-01-12T18:22:58.814Z] ----------------------------------------------------------------------
[debug] 
[debug] [2024-01-12T18:22:59.086Z] > command requires scopes: ["email","openid","https://www.googleapis.com/auth/cloudplatformprojects.readonly","https://www.googleapis.com/auth/firebase","https://www.googleapis.com/auth/cloud-platform"]
[debug] [2024-01-12T18:22:59.088Z] > authorizing via signed-in user (thebuddingscientist@gmail.com)
[debug] [2024-01-12T18:22:59.088Z] [iam] checking project art-galeria for permissions ["firebase.projects.get","firebasehosting.sites.update"]
[debug] [2024-01-12T18:22:59.092Z] > refreshing access token with scopes: []
[debug] [2024-01-12T18:22:59.097Z] >>> [apiv2][query] POST https://www.googleapis.com/oauth2/v3/token [none]
[debug] [2024-01-12T18:22:59.098Z] >>> [apiv2][body] POST https://www.googleapis.com/oauth2/v3/token [omitted]
[debug] [2024-01-12T18:22:59.528Z] *** [apiv2] error from fetch(https://www.googleapis.com/oauth2/v3/token, {"headers":{},"method":"POST","body":{"_overheadLength":545,"_valueLength":212,"_valuesToMeasure":[],"writable":false,"readable":true,"dataSize":0,"maxDataSize":2097152,"pauseStreams":true,"_released":true,"_streams":[],"_currentStream":null,"_insideLoop":false,"_pendingNext":false,"_boundary":"--------------------------259799726038204104917492","_events":{},"_eventsCount":1}}): FetchError: request to https://www.googleapis.com/oauth2/v3/token failed, reason: read ECONNRESET
[debug] [2024-01-12T18:22:59.529Z] [iam] error while checking permissions, command may fail: FirebaseError: Authentication Error: Your credentials are no longer valid. Please run firebase login --reauth

For CI servers and headless environments, generate a new token with firebase login:ci
[debug] [2024-01-12T18:22:59.531Z] > refreshing access token with scopes: []
[debug] [2024-01-12T18:22:59.532Z] >>> [apiv2][query] POST https://www.googleapis.com/oauth2/v3/token [none]
[debug] [2024-01-12T18:22:59.532Z] >>> [apiv2][body] POST https://www.googleapis.com/oauth2/v3/token [omitted]
[debug] [2024-01-12T18:22:59.585Z] *** [apiv2] error from fetch(https://www.googleapis.com/oauth2/v3/token, {"headers":{},"method":"POST","body":{"_overheadLength":545,"_valueLength":212,"_valuesToMeasure":[],"writable":false,"readable":true,"dataSize":0,"maxDataSize":2097152,"pauseStreams":true,"_released":true,"_streams":[],"_currentStream":null,"_insideLoop":false,"_pendingNext":false,"_boundary":"--------------------------627441687815663139936967","_events":{},"_eventsCount":1}}): FetchError: request to https://www.googleapis.com/oauth2/v3/token failed, reason: read ECONNRESET
[debug] [2024-01-12T18:22:59.586Z] Authentication Error: Your credentials are no longer valid. Please run firebase login --reauth

For CI servers and headless environments, generate a new token with firebase login:ci
[error] 
[error] Error: Assertion failed: resolving hosting target of a site with no site name or target name. This should have caused an error earlier
[debug] [2024-01-12T18:23:26.230Z] ----------------------------------------------------------------------
[debug] [2024-01-12T18:23:26.237Z] Command:       C:\Program Files\nodejs\node.exe C:\Users\ajayr\AppData\Roaming\npm\node_modules\firebase-tools\lib\bin\firebase.js deploy
[debug] [2024-01-12T18:23:26.238Z] CLI Version:   13.0.3
[debug] [2024-01-12T18:23:26.239Z] Platform:      win32
[debug] [2024-01-12T18:23:26.240Z] Node Version:  v20.9.0
[debug] [2024-01-12T18:23:26.240Z] Time:          Fri Jan 12 2024 23:53:26 GMT+0530 (India Standard Time)
[debug] [2024-01-12T18:23:26.240Z] ----------------------------------------------------------------------
[debug] 
[debug] [2024-01-12T18:23:26.440Z] > command requires scopes: ["email","openid","https://www.googleapis.com/auth/cloudplatformprojects.readonly","https://www.googleapis.com/auth/firebase","https://www.googleapis.com/auth/cloud-platform"]
[debug] [2024-01-12T18:23:26.442Z] > authorizing via signed-in user (thebuddingscientist@gmail.com)
[debug] [2024-01-12T18:23:26.442Z] [iam] checking project art-galeria for permissions ["firebase.projects.get","firebasehosting.sites.update"]
[debug] [2024-01-12T18:23:26.445Z] > refreshing access token with scopes: []
[debug] [2024-01-12T18:23:26.450Z] >>> [apiv2][query] POST https://www.googleapis.com/oauth2/v3/token [none]
[debug] [2024-01-12T18:23:26.451Z] >>> [apiv2][body] POST https://www.googleapis.com/oauth2/v3/token [omitted]
[debug] [2024-01-12T18:23:26.628Z] *** [apiv2] error from fetch(https://www.googleapis.com/oauth2/v3/token, {"headers":{},"method":"POST","body":{"_overheadLength":545,"_valueLength":212,"_valuesToMeasure":[],"writable":false,"readable":true,"dataSize":0,"maxDataSize":2097152,"pauseStreams":true,"_released":true,"_streams":[],"_currentStream":null,"_insideLoop":false,"_pendingNext":false,"_boundary":"--------------------------453293449472009032497317","_events":{},"_eventsCount":1}}): FetchError: request to https://www.googleapis.com/oauth2/v3/token failed, reason: read ECONNRESET
[debug] [2024-01-12T18:23:26.629Z] [iam] error while checking permissions, command may fail: FirebaseError: Authentication Error: Your credentials are no longer valid. Please run firebase login --reauth

For CI servers and headless environments, generate a new token with firebase login:ci
[debug] [2024-01-12T18:23:26.630Z] > refreshing access token with scopes: []
[debug] [2024-01-12T18:23:26.631Z] >>> [apiv2][query] POST https://www.googleapis.com/oauth2/v3/token [none]
[debug] [2024-01-12T18:23:26.631Z] >>> [apiv2][body] POST https://www.googleapis.com/oauth2/v3/token [omitted]
[debug] [2024-01-12T18:23:26.672Z] *** [apiv2] error from fetch(https://www.googleapis.com/oauth2/v3/token, {"headers":{},"method":"POST","body":{"_overheadLength":545,"_valueLength":212,"_valuesToMeasure":[],"writable":false,"readable":true,"dataSize":0,"maxDataSize":2097152,"pauseStreams":true,"_released":true,"_streams":[],"_currentStream":null,"_insideLoop":false,"_pendingNext":false,"_boundary":"--------------------------525697736105594246157222","_events":{},"_eventsCount":1}}): FetchError: request to https://www.googleapis.com/oauth2/v3/token failed, reason: read ECONNRESET
[debug] [2024-01-12T18:23:26.673Z] Authentication Error: Your credentials are no longer valid. Please run firebase login --reauth

For CI servers and headless environments, generate a new token with firebase login:ci
[error] 
[error] Error: Assertion failed: resolving hosting target of a site with no site name or target name. This should have caused an error earlier
